0 verbose cli [
0 verbose cli   '/usr/local/nvm/versions/node/v12.14.1/bin/node',
0 verbose cli   '/usr/local/nvm/versions/node/v12.14.1/bin/npm',
0 verbose cli   'install',
0 verbose cli   '--ignore-scripts',
0 verbose cli   'types-registry@latest'
0 verbose cli ]
1 info using npm@8.2.0
2 info using node@v12.14.1
3 timing npm:load:whichnode Completed in 0ms
4 timing config:load:defaults Completed in 2ms
5 timing config:load:file:/usr/local/nvm/versions/node/v12.14.1/lib/node_modules/npm/npmrc Completed in 7ms
6 timing config:load:builtin Completed in 7ms
7 timing config:load:cli Completed in 3ms
8 timing config:load:env Completed in 3ms
9 timing config:load:file:/home/user324/.cache/typescript/3.8/.npmrc Completed in 0ms
10 timing config:load:project Completed in 1ms
11 timing config:load:file:/home/user324/.npmrc Completed in 0ms
12 timing config:load:user Completed in 0ms
13 timing config:load:file:/usr/local/nvm/versions/node/v12.14.1/etc/npmrc Completed in 0ms
14 timing config:load:global Completed in 1ms
15 timing config:load:validate Completed in 2ms
16 timing config:load:credentials Completed in 2ms
17 timing config:load:setEnvs Completed in 1ms
18 timing config:load Completed in 22ms
19 timing npm:load:configload Completed in 22ms
20 timing npm:load:setTitle Completed in 1ms
21 timing config:load:flatten Completed in 11ms
22 timing npm:load:display Completed in 12ms
23 verbose logfile /home/user324/.npm/_logs/2022-01-13T16_30_55_125Z-debug-0.log
24 timing npm:load:logFile Completed in 7ms
25 timing npm:load:timers Completed in 0ms
26 timing npm:load:configScope Completed in 0ms
27 timing npm:load Completed in 43ms
28 timing arborist:ctor Completed in 1ms
29 timing arborist:ctor Completed in 0ms
30 timing idealTree:init Completed in 41ms
31 http fetch GET 200 https://registry.yarnpkg.com/types-registry 183ms (cache miss)
32 timing idealTree:userRequests Completed in 195ms
33 silly idealTree buildDeps
34 silly fetch manifest types-registry@0.1.575
35 silly placeDep ROOT types-registry@0.1.575 OK for:  want: 0.1.575
36 timing idealTree:#root Completed in 9ms
37 timing idealTree:node_modules/types-registry Completed in 0ms
38 timing idealTree:buildDeps Completed in 10ms
39 timing idealTree:fixDepFlags Completed in 0ms
40 timing idealTree Completed in 249ms
41 timing reify:loadTrees Completed in 251ms
42 timing reify:diffTrees Completed in 2ms
43 silly reify moves {}
44 timing reify:retireShallow Completed in 0ms
45 timing reify:createSparse Completed in 2ms
46 timing reify:loadBundles Completed in 0ms
47 silly audit bulk request { 'types-registry': [ '0.1.575' ] }
48 silly tarball no local data for types-registry@https://registry.yarnpkg.com/types-registry/-/types-registry-0.1.575.tgz. Extracting by manifest.
49 http fetch POST 200 https://registry.yarnpkg.com/-/npm/v1/security/advisories/bulk 54ms
50 timing auditReport:getReport Completed in 55ms
51 silly audit report {}
52 timing auditReport:init Completed in 0ms
53 timing reify:audit Completed in 56ms
54 http fetch GET 200 https://registry.yarnpkg.com/types-registry/-/types-registry-0.1.575.tgz 153ms (cache miss)
55 timing reifyNode:node_modules/types-registry Completed in 163ms
56 timing reify:unpack Completed in 164ms
57 timing reify:unretire Completed in 0ms
58 timing build:queue Completed in 0ms
59 timing build:deps Completed in 1ms
60 timing build Completed in 2ms
61 timing reify:build Completed in 2ms
62 timing reify:trash Completed in 0ms
63 timing reify:save Completed in 5ms
64 timing reify Completed in 477ms
65 silly ADD node_modules/types-registry
66 timing command:install Completed in 488ms
67 verbose exit 0
68 timing npm Completed in 1017ms
69 info ok
